TN:
SF:script/Counter.s.sol
FN:7,CounterScript.setUp
FNDA:0,CounterScript.setUp
FN:9,CounterScript.run
FNDA:0,CounterScript.run
DA:10,0
FNF:2
FNH:0
LF:1
LH:0
BRF:0
BRH:0
end_of_record
TN:
SF:src/ManageProject.sol
FN:26,ManageProject.invest
FNDA:1792,ManageProject.invest
DA:27,1792
BRDA:27,0,0,256
BRDA:27,0,1,1536
DA:28,1536
BRDA:28,1,0,256
BRDA:28,1,1,1280
DA:29,1280
DA:30,1280
DA:31,1280
DA:32,1024
BRDA:32,2,0,-
BRDA:32,2,1,1024
DA:33,1024
DA:34,1024
FN:37,ManageProject.stopProject
FNDA:256,ManageProject.stopProject
DA:38,256
DA:39,256
FN:42,ManageProject.renewProject
FNDA:261,ManageProject.renewProject
DA:43,260
BRDA:43,3,0,2
BRDA:43,3,1,258
DA:44,258
DA:45,258
DA:46,258
FN:49,ManageProject.withdraw
FNDA:257,ManageProject.withdraw
DA:50,256
DA:51,256
DA:52,256
BRDA:52,4,0,-
BRDA:52,4,1,256
DA:53,256
FNF:4
FNH:4
LF:18
LH:18
BRF:10
BRH:8
end_of_record
TN:
SF:src/VVFactory.sol
FN:11,VVFactory.createProject
FNDA:256,VVFactory.createProject
DA:12,256
DA:13,256
DA:14,256
DA:15,256
DA:16,256
DA:17,256
FNF:1
FNH:1
LF:6
LH:6
BRF:0
BRH:0
end_of_record
TN:
SF:src/mock/Stablecoin.sol
FN:10,Stablecoin.mint
FNDA:0,Stablecoin.mint
DA:11,0
FNF:1
FNH:0
LF:1
LH:0
BRF:0
BRH:0
end_of_record
